<?xml version="1.0" encoding="UTF-8"?>
<!-- Generated by org.testng.reporters.JUnitXMLReporter -->
<testsuite ignored="0" hostname="DESKTOP-SBRDJJE" failures="2" tests="3" name="Submit Order Test" time="16.876" errors="0" timestamp="2024-06-03T22:34:31 IST">
  <testcase classname="rahulshettyacademy.test.SubmitOrderTest" name="SubmitOrderTest" time="3.972">
    <failure type="java.lang.AssertionError" message="expected [true] but found [false]">
      <![CDATA[java.lang.AssertionError: expected [true] but found [false]
at rahulshettyacademy.test.SubmitOrderTest.SubmitOrderTest(SubmitOrderTest.java:45)
at java.base/java.util.ArrayList.forEach(ArrayList.java:1511)
at java.base/java.util.concurrent.FutureTask.run(FutureTask.java:264)
at java.base/java.util.concurrent.ThreadPoolExecutor.runWorker(ThreadPoolExecutor.java:1136)
at java.base/java.util.concurrent.ThreadPoolExecutor$Worker.run(ThreadPoolExecutor.java:635)
at java.base/java.lang.Thread.run(Thread.java:840)
... Removed 21 stack frames]]>
    </failure>
  </testcase> <!-- SubmitOrderTest -->
  <testcase classname="rahulshettyacademy.test.SubmitOrderTest" name="SubmitOrderTest" time="3.989">
    <failure type="java.lang.AssertionError" message="expected [true] but found [false]">
      <![CDATA[java.lang.AssertionError: expected [true] but found [false]
at rahulshettyacademy.test.SubmitOrderTest.SubmitOrderTest(SubmitOrderTest.java:45)
at java.base/java.util.ArrayList.forEach(ArrayList.java:1511)
at java.base/java.util.concurrent.FutureTask.run(FutureTask.java:264)
at java.base/java.util.concurrent.ThreadPoolExecutor.runWorker(ThreadPoolExecutor.java:1136)
at java.base/java.util.concurrent.ThreadPoolExecutor$Worker.run(ThreadPoolExecutor.java:635)
at java.base/java.lang.Thread.run(Thread.java:840)
... Removed 21 stack frames]]>
    </failure>
  </testcase> <!-- SubmitOrderTest -->
  <testcase classname="rahulshettyacademy.test.SubmitOrderTest" name="goToOrderTest" time="0.0">
    <skipped/>
  </testcase> <!-- goToOrderTest -->
</testsuite> <!-- Submit Order Test -->
