<?xml version="1.0" encoding="UTF-8"?>
<!-- Generated by org.testng.reporters.JUnitXMLReporter -->
<testsuite ignored="0" hostname="DESKTOP-SBRDJJE" failures="0" tests="2" name="Error Validation Test" time="20.618" errors="0" timestamp="2024-06-08T19:45:39 IST">
  <testcase classname="rahulshettyacademy.test.ErrorValidationTest" name="loginErrorValidation" time="0.582"/>
  <testcase classname="rahulshettyacademy.test.ErrorValidationTest" name="productErrorValidation" time="13.756"/>
</testsuite> <!-- Error Validation Test -->
