<?xml version="1.0" encoding="UTF-8"?>
<!-- Generated by org.testng.reporters.JUnitXMLReporter -->
<testsuite ignored="0" hostname="DESKTOP-SBRDJJE" failures="0" tests="3" name="Submit Order Test" time="22.754" errors="0" timestamp="2024-06-08T19:45:40 IST">
  <testcase classname="rahulshettyacademy.test.SubmitOrderTest" name="SubmitOrderTest" time="5.072"/>
  <testcase classname="rahulshettyacademy.test.SubmitOrderTest" name="SubmitOrderTest" time="4.663"/>
  <testcase classname="rahulshettyacademy.test.SubmitOrderTest" name="goToOrderTest" time="0.492"/>
</testsuite> <!-- Submit Order Test -->
